Analysis & Synthesis report for Prac
Mon Nov 15 11:43:51 2021
Quartus Prime Version 20.1.1 Build 720 11/11/2020 Patches 1.02i SJ Lite Edition


---------------------
; Table of Contents ;
---------------------
  1. Legal Notice
  2. Analysis & Synthesis Summary
  3. Analysis & Synthesis Settings
  4. Parallel Compilation
  5. Analysis & Synthesis Source Files Read
  6. Analysis & Synthesis Resource Usage Summary
  7. Analysis & Synthesis Resource Utilization by Entity
  8. State Machine - |Prac|rx_PS
  9. State Machine - |Prac|tx_PS
 10. User-Specified and Inferred Latches
 11. General Register Statistics
 12. Multiplexer Restructuring Statistics (Restructuring Performed)
 13. Parameter Settings for User Entity Instance: Top-level Entity: |Prac
 14. Parameter Settings for User Entity Instance: Clock:main_clock
 15. Parameter Settings for User Entity Instance: Clock:rx_clock
 16. Parameter Settings for User Entity Instance: Clock:tx_clock
 17. Port Connectivity Checks: "Clock:main_clock"
 18. Post-Synthesis Netlist Statistics for Top Partition
 19. Elapsed Time Per Partition
 20. Analysis & Synthesis Messages



----------------
; Legal Notice ;
----------------
Copyright (C) 2020  Intel Corporation. All rights reserved.
Your use of Intel Corporation's design tools, logic functions 
and other software and tools, and any partner logic 
functions, and any output files from any of the foregoing 
(including device programming or simulation files), and any 
associated documentation or information are expressly subject 
to the terms and conditions of the Intel Program License 
Subscription Agreement, the Intel Quartus Prime License Agreement,
the Intel FPGA IP License Agreement, or other applicable license
agreement, including, without limitation, that your use is for
the sole purpose of programming logic devices manufactured by
Intel and sold by Intel or its authorized distributors.  Please
refer to the applicable agreement for further details, at
https://fpgasoftware.intel.com/eula.



+---------------------------------------------------------------------------------------------+
; Analysis & Synthesis Summary                                                                ;
+---------------------------------+-----------------------------------------------------------+
; Analysis & Synthesis Status     ; Successful - Mon Nov 15 11:43:51 2021                     ;
; Quartus Prime Version           ; 20.1.1 Build 720 11/11/2020 Patches 1.02i SJ Lite Edition ;
; Revision Name                   ; Prac                                                      ;
; Top-level Entity Name           ; Prac                                                      ;
; Family                          ; Cyclone V                                                 ;
; Logic utilization (in ALMs)     ; N/A                                                       ;
; Total registers                 ; 40                                                        ;
; Total pins                      ; 17                                                        ;
; Total virtual pins              ; 0                                                         ;
; Total block memory bits         ; 0                                                         ;
; Total DSP Blocks                ; 0                                                         ;
; Total HSSI RX PCSs              ; 0                                                         ;
; Total HSSI PMA RX Deserializers ; 0                                                         ;
; Total HSSI TX PCSs              ; 0                                                         ;
; Total HSSI PMA TX Serializers   ; 0                                                         ;
; Total PLLs                      ; 0                                                         ;
; Total DLLs                      ; 0                                                         ;
+---------------------------------+-----------------------------------------------------------+


+---------------------------------------------------------------------------------------------------------------------------+
; Analysis & Synthesis Settings                                                                                             ;
+---------------------------------------------------------------------------------+--------------------+--------------------+
; Option                                                                          ; Setting            ; Default Value      ;
+---------------------------------------------------------------------------------+--------------------+--------------------+
; Device                                                                          ; 5CSEMA4U23C6       ;                    ;
; Top-level entity name                                                           ; Prac               ; Prac               ;
; Family name                                                                     ; Cyclone V          ; Cyclone V          ;
; Use smart compilation                                                           ; Off                ; Off                ;
; Enable parallel Assembler and Timing Analyzer during compilation                ; On                 ; On                 ;
; Enable compact report table                                                     ; Off                ; Off                ;
; Restructure Multiplexers                                                        ; Auto               ; Auto               ;
; MLAB Add Timing Constraints For Mixed-Port Feed-Through Mode Setting Don't Care ; Off                ; Off                ;
; Create Debugging Nodes for IP Cores                                             ; Off                ; Off                ;
; Preserve fewer node names                                                       ; On                 ; On                 ;
; Intel FPGA IP Evaluation Mode                                                   ; Enable             ; Enable             ;
; Verilog Version                                                                 ; Verilog_2001       ; Verilog_2001       ;
; VHDL Version                                                                    ; VHDL_1993          ; VHDL_1993          ;
; State Machine Processing                                                        ; Auto               ; Auto               ;
; Safe State Machine                                                              ; Off                ; Off                ;
; Extract Verilog State Machines                                                  ; On                 ; On                 ;
; Extract VHDL State Machines                                                     ; On                 ; On                 ;
; Ignore Verilog initial constructs                                               ; Off                ; Off                ;
; Iteration limit for constant Verilog loops                                      ; 5000               ; 5000               ;
; Iteration limit for non-constant Verilog loops                                  ; 250                ; 250                ;
; Add Pass-Through Logic to Inferred RAMs                                         ; On                 ; On                 ;
; Infer RAMs from Raw Logic                                                       ; On                 ; On                 ;
; Parallel Synthesis                                                              ; On                 ; On                 ;
; DSP Block Balancing                                                             ; Auto               ; Auto               ;
; NOT Gate Push-Back                                                              ; On                 ; On                 ;
; Power-Up Don't Care                                                             ; On                 ; On                 ;
; Remove Redundant Logic Cells                                                    ; Off                ; Off                ;
; Remove Duplicate Registers                                                      ; On                 ; On                 ;
; Ignore CARRY Buffers                                                            ; Off                ; Off                ;
; Ignore CASCADE Buffers                                                          ; Off                ; Off                ;
; Ignore GLOBAL Buffers                                                           ; Off                ; Off                ;
; Ignore ROW GLOBAL Buffers                                                       ; Off                ; Off                ;
; Ignore LCELL Buffers                                                            ; Off                ; Off                ;
; Ignore SOFT Buffers                                                             ; On                 ; On                 ;
; Limit AHDL Integers to 32 Bits                                                  ; Off                ; Off                ;
; Optimization Technique                                                          ; Balanced           ; Balanced           ;
; Carry Chain Length                                                              ; 70                 ; 70                 ;
; Auto Carry Chains                                                               ; On                 ; On                 ;
; Auto Open-Drain Pins                                                            ; On                 ; On                 ;
; Perform WYSIWYG Primitive Resynthesis                                           ; Off                ; Off                ;
; Auto ROM Replacement                                                            ; On                 ; On                 ;
; Auto RAM Replacement                                                            ; On                 ; On                 ;
; Auto DSP Block Replacement                                                      ; On                 ; On                 ;
; Auto Shift Register Replacement                                                 ; Auto               ; Auto               ;
; Allow Shift Register Merging across Hierarchies                                 ; Auto               ; Auto               ;
; Auto Clock Enable Replacement                                                   ; On                 ; On                 ;
; Strict RAM Replacement                                                          ; Off                ; Off                ;
; Allow Synchronous Control Signals                                               ; On                 ; On                 ;
; Force Use of Synchronous Clear Signals                                          ; Off                ; Off                ;
; Auto Resource Sharing                                                           ; Off                ; Off                ;
; Allow Any RAM Size For Recognition                                              ; Off                ; Off                ;
; Allow Any ROM Size For Recognition                                              ; Off                ; Off                ;
; Allow Any Shift Register Size For Recognition                                   ; Off                ; Off                ;
; Use LogicLock Constraints during Resource Balancing                             ; On                 ; On                 ;
; Ignore translate_off and synthesis_off directives                               ; Off                ; Off                ;
; Timing-Driven Synthesis                                                         ; On                 ; On                 ;
; Report Parameter Settings                                                       ; On                 ; On                 ;
; Report Source Assignments                                                       ; On                 ; On                 ;
; Report Connectivity Checks                                                      ; On                 ; On                 ;
; Ignore Maximum Fan-Out Assignments                                              ; Off                ; Off                ;
; Synchronization Register Chain Length                                           ; 3                  ; 3                  ;
; Power Optimization During Synthesis                                             ; Normal compilation ; Normal compilation ;
; HDL message level                                                               ; Level2             ; Level2             ;
; Suppress Register Optimization Related Messages                                 ; Off                ; Off                ;
; Number of Removed Registers Reported in Synthesis Report                        ; 5000               ; 5000               ;
; Number of Swept Nodes Reported in Synthesis Report                              ; 5000               ; 5000               ;
; Number of Inverted Registers Reported in Synthesis Report                       ; 100                ; 100                ;
; Clock MUX Protection                                                            ; On                 ; On                 ;
; Auto Gated Clock Conversion                                                     ; Off                ; Off                ;
; Block Design Naming                                                             ; Auto               ; Auto               ;
; SDC constraint protection                                                       ; Off                ; Off                ;
; Synthesis Effort                                                                ; Auto               ; Auto               ;
; Shift Register Replacement - Allow Asynchronous Clear Signal                    ; On                 ; On                 ;
; Pre-Mapping Resynthesis Optimization                                            ; Off                ; Off                ;
; Analysis & Synthesis Message Level                                              ; Medium             ; Medium             ;
; Disable Register Merging Across Hierarchies                                     ; Auto               ; Auto               ;
; Resource Aware Inference For Block RAM                                          ; On                 ; On                 ;
; Automatic Parallel Synthesis                                                    ; On                 ; On                 ;
; Partial Reconfiguration Bitstream ID                                            ; Off                ; Off                ;
+---------------------------------------------------------------------------------+--------------------+--------------------+


+------------------------------------------+
; Parallel Compilation                     ;
+----------------------------+-------------+
; Processors                 ; Number      ;
+----------------------------+-------------+
; Number detected on machine ; 16          ;
; Maximum allowed            ; 16          ;
;                            ;             ;
; Average used               ; 1.00        ;
; Maximum used               ; 16          ;
;                            ;             ;
; Usage by Processor         ; % Time Used ;
;     Processor 1            ; 100.0%      ;
;     Processors 2-16        ;   0.0%      ;
+----------------------------+-------------+


+-------------------------------------------------------------------------------------------------------------------------------------+
; Analysis & Synthesis Source Files Read                                                                                              ;
+----------------------------------+-----------------+-----------------+----------------------------------------------------+---------+
; File Name with User-Entered Path ; Used in Netlist ; File Type       ; File Name with Absolute Path                       ; Library ;
+----------------------------------+-----------------+-----------------+----------------------------------------------------+---------+
; Prac.vhd                         ; yes             ; User VHDL File  ; G:/My Drive/Tuks/2021/EES 424/Practical/Prac.vhd   ;         ;
; Clock.vhd                        ; yes             ; User VHDL File  ; G:/My Drive/Tuks/2021/EES 424/Practical/Clock.vhd  ;         ;
; Bessel.vhd                       ; yes             ; User VHDL File  ; G:/My Drive/Tuks/2021/EES 424/Practical/Bessel.vhd ;         ;
+----------------------------------+-----------------+-----------------+----------------------------------------------------+---------+


+---------------------------------------------------------+
; Analysis & Synthesis Resource Usage Summary             ;
+---------------------------------------------+-----------+
; Resource                                    ; Usage     ;
+---------------------------------------------+-----------+
; Estimate of Logic utilization (ALMs needed) ; 38        ;
;                                             ;           ;
; Combinational ALUT usage for logic          ; 68        ;
;     -- 7 input functions                    ; 3         ;
;     -- 6 input functions                    ; 4         ;
;     -- 5 input functions                    ; 17        ;
;     -- 4 input functions                    ; 10        ;
;     -- <=3 input functions                  ; 34        ;
;                                             ;           ;
; Dedicated logic registers                   ; 40        ;
;                                             ;           ;
; I/O pins                                    ; 17        ;
;                                             ;           ;
; Total DSP Blocks                            ; 0         ;
;                                             ;           ;
; Maximum fan-out node                        ; CLK~input ;
; Maximum fan-out                             ; 40        ;
; Total fan-out                               ; 396       ;
; Average fan-out                             ; 2.79      ;
+---------------------------------------------+-----------+


+-------------------------------------------------------------------------------------------------------------------------------------------------------------------------------------------+
; Analysis & Synthesis Resource Utilization by Entity                                                                                                                                       ;
+----------------------------+---------------------+---------------------------+-------------------+------------+------+--------------+------------------------+-------------+--------------+
; Compilation Hierarchy Node ; Combinational ALUTs ; Dedicated Logic Registers ; Block Memory Bits ; DSP Blocks ; Pins ; Virtual Pins ; Full Hierarchy Name    ; Entity Name ; Library Name ;
+----------------------------+---------------------+---------------------------+-------------------+------------+------+--------------+------------------------+-------------+--------------+
; |Prac                      ; 68 (50)             ; 40 (24)                   ; 0                 ; 0          ; 17   ; 0            ; |Prac                  ; Prac        ; work         ;
;    |Clock:main_clock|      ; 6 (6)               ; 6 (6)                     ; 0                 ; 0          ; 0    ; 0            ; |Prac|Clock:main_clock ; Clock       ; work         ;
;    |Clock:rx_clock|        ; 6 (6)               ; 5 (5)                     ; 0                 ; 0          ; 0    ; 0            ; |Prac|Clock:rx_clock   ; Clock       ; work         ;
;    |Clock:tx_clock|        ; 6 (6)               ; 5 (5)                     ; 0                 ; 0          ; 0    ; 0            ; |Prac|Clock:tx_clock   ; Clock       ; work         ;
+----------------------------+---------------------+---------------------------+-------------------+------------+------+--------------+------------------------+-------------+--------------+
Note: For table entries with two numbers listed, the numbers in parentheses indicate the number of resources of the given type used by the specific entity alone. The numbers listed outside of parentheses indicate the total resources of the given type used by the specific entity and all of its sub-entities in the hierarchy.


Encoding Type:  One-Hot
+---------------------------------------------------------------------------+
; State Machine - |Prac|rx_PS                                               ;
+---------------+--------------+-------------+---------------+--------------+
; Name          ; rx_PS.r_stop ; rx_PS.r_rec ; rx_PS.r_start ; rx_PS.r_idle ;
+---------------+--------------+-------------+---------------+--------------+
; rx_PS.r_idle  ; 0            ; 0           ; 0             ; 0            ;
; rx_PS.r_start ; 0            ; 0           ; 1             ; 1            ;
; rx_PS.r_rec   ; 0            ; 1           ; 0             ; 1            ;
; rx_PS.r_stop  ; 1            ; 0           ; 0             ; 1            ;
+---------------+--------------+-------------+---------------+--------------+


Encoding Type:  One-Hot
+-------------------------------------------------------------------------------------------+
; State Machine - |Prac|tx_PS                                                               ;
+---------------+--------------+--------------+--------------+---------------+--------------+
; Name          ; tx_PS.t_stop ; tx_PS.t_sync ; tx_PS.t_send ; tx_PS.t_start ; tx_PS.t_idle ;
+---------------+--------------+--------------+--------------+---------------+--------------+
; tx_PS.t_idle  ; 0            ; 0            ; 0            ; 0             ; 0            ;
; tx_PS.t_start ; 0            ; 0            ; 0            ; 1             ; 1            ;
; tx_PS.t_send  ; 0            ; 0            ; 1            ; 0             ; 1            ;
; tx_PS.t_sync  ; 0            ; 1            ; 0            ; 0             ; 1            ;
; tx_PS.t_stop  ; 1            ; 0            ; 0            ; 0             ; 1            ;
+---------------+--------------+--------------+--------------+---------------+--------------+


+----------------------------------------------------------------------------------------------------+
; User-Specified and Inferred Latches                                                                ;
+-----------------------------------------------------+---------------------+------------------------+
; Latch Name                                          ; Latch Enable Signal ; Free of Timing Hazards ;
+-----------------------------------------------------+---------------------+------------------------+
; tx_data[5]                                          ; DIN_VLD             ; yes                    ;
; tx_data[7]                                          ; DIN_VLD             ; yes                    ;
; tx_data[4]                                          ; DIN_VLD             ; yes                    ;
; tx_data[6]                                          ; DIN_VLD             ; yes                    ;
; input[5]                                            ; DIN_VLD             ; yes                    ;
; input[7]                                            ; DIN_VLD             ; yes                    ;
; input[4]                                            ; DIN_VLD             ; yes                    ;
; tx_data[1]                                          ; DIN_VLD             ; yes                    ;
; tx_data[3]                                          ; DIN_VLD             ; yes                    ;
; tx_data[0]                                          ; DIN_VLD             ; yes                    ;
; tx_data[2]                                          ; DIN_VLD             ; yes                    ;
; input[6]                                            ; DIN_VLD             ; yes                    ;
; input[1]                                            ; DIN_VLD             ; yes                    ;
; input[3]                                            ; DIN_VLD             ; yes                    ;
; input[0]                                            ; DIN_VLD             ; yes                    ;
; input[2]                                            ; DIN_VLD             ; yes                    ;
; Number of user-specified and inferred latches = 16  ;                     ;                        ;
+-----------------------------------------------------+---------------------+------------------------+
Note: All latches listed above may not be present at the end of synthesis due to various synthesis optimizations.


+------------------------------------------------------+
; General Register Statistics                          ;
+----------------------------------------------+-------+
; Statistic                                    ; Value ;
+----------------------------------------------+-------+
; Total registers                              ; 40    ;
; Number of registers using Synchronous Clear  ; 9     ;
; Number of registers using Synchronous Load   ; 0     ;
; Number of registers using Asynchronous Clear ; 0     ;
; Number of registers using Asynchronous Load  ; 0     ;
; Number of registers using Clock Enable       ; 14    ;
; Number of registers using Preset             ; 0     ;
+----------------------------------------------+-------+


+-----------------------------------------------------------------------------------------------------------------------------------------------+
; Multiplexer Restructuring Statistics (Restructuring Performed)                                                                                ;
+--------------------+-----------+---------------+----------------------+------------------------+------------+---------------------------------+
; Multiplexer Inputs ; Bus Width ; Baseline Area ; Area if Restructured ; Saving if Restructured ; Registered ; Example Multiplexer Output      ;
+--------------------+-----------+---------------+----------------------+------------------------+------------+---------------------------------+
; 4:1                ; 3 bits    ; 6 LEs         ; 6 LEs                ; 0 LEs                  ; Yes        ; |Prac|rx_bit_count[0]           ;
; 4:1                ; 3 bits    ; 6 LEs         ; 6 LEs                ; 0 LEs                  ; Yes        ; |Prac|tx_bit_count[0]           ;
; 4:1                ; 4 bits    ; 8 LEs         ; 8 LEs                ; 0 LEs                  ; Yes        ; |Prac|Clock:rx_clock|Div_cnt[0] ;
; 4:1                ; 4 bits    ; 8 LEs         ; 8 LEs                ; 0 LEs                  ; Yes        ; |Prac|Clock:tx_clock|Div_cnt[0] ;
+--------------------+-----------+---------------+----------------------+------------------------+------------+---------------------------------+


+----------------------------------------------------------------------+
; Parameter Settings for User Entity Instance: Top-level Entity: |Prac ;
+-----------------+----------+-----------------------------------------+
; Parameter Name  ; Value    ; Type                                    ;
+-----------------+----------+-----------------------------------------+
; clock_frequency ; 50000000 ; Signed Integer                          ;
; Baud_rate       ; 115200   ; Signed Integer                          ;
; sample          ; 16       ; Signed Integer                          ;
+-----------------+----------+-----------------------------------------+
Note: In order to hide this table in the UI and the text report file, please set the "Show Parameter Settings in Synthesis Report" option in "Analysis and Synthesis Settings -> More Settings" to "Off".


+---------------------------------------------------------------+
; Parameter Settings for User Entity Instance: Clock:main_clock ;
+----------------+-------+--------------------------------------+
; Parameter Name ; Value ; Type                                 ;
+----------------+-------+--------------------------------------+
; div_max        ; 27    ; Signed Integer                       ;
; div_pos        ; 26    ; Signed Integer                       ;
+----------------+-------+--------------------------------------+
Note: In order to hide this table in the UI and the text report file, please set the "Show Parameter Settings in Synthesis Report" option in "Analysis and Synthesis Settings -> More Settings" to "Off".


+-------------------------------------------------------------+
; Parameter Settings for User Entity Instance: Clock:rx_clock ;
+----------------+-------+------------------------------------+
; Parameter Name ; Value ; Type                               ;
+----------------+-------+------------------------------------+
; div_max        ; 16    ; Signed Integer                     ;
; div_pos        ; 8     ; Signed Integer                     ;
+----------------+-------+------------------------------------+
Note: In order to hide this table in the UI and the text report file, please set the "Show Parameter Settings in Synthesis Report" option in "Analysis and Synthesis Settings -> More Settings" to "Off".


+-------------------------------------------------------------+
; Parameter Settings for User Entity Instance: Clock:tx_clock ;
+----------------+-------+------------------------------------+
; Parameter Name ; Value ; Type                               ;
+----------------+-------+------------------------------------+
; div_max        ; 16    ; Signed Integer                     ;
; div_pos        ; 1     ; Signed Integer                     ;
+----------------+-------+------------------------------------+
Note: In order to hide this table in the UI and the text report file, please set the "Show Parameter Settings in Synthesis Report" option in "Analysis and Synthesis Settings -> More Settings" to "Off".


+----------------------------------------------+
; Port Connectivity Checks: "Clock:main_clock" ;
+------+-------+----------+--------------------+
; Port ; Type  ; Severity ; Details            ;
+------+-------+----------+--------------------+
; clr  ; Input ; Info     ; Stuck at GND       ;
; en   ; Input ; Info     ; Stuck at VCC       ;
+------+-------+----------+--------------------+


+-----------------------------------------------------+
; Post-Synthesis Netlist Statistics for Top Partition ;
+-----------------------+-----------------------------+
; Type                  ; Count                       ;
+-----------------------+-----------------------------+
; arriav_ff             ; 40                          ;
;     ENA               ; 12                          ;
;     ENA SCLR          ; 2                           ;
;     SCLR              ; 7                           ;
;     plain             ; 19                          ;
; arriav_lcell_comb     ; 68                          ;
;     extend            ; 3                           ;
;         7 data inputs ; 3                           ;
;     normal            ; 65                          ;
;         2 data inputs ; 10                          ;
;         3 data inputs ; 24                          ;
;         4 data inputs ; 10                          ;
;         5 data inputs ; 17                          ;
;         6 data inputs ; 4                           ;
; boundary_port         ; 17                          ;
;                       ;                             ;
; Max LUT depth         ; 3.00                        ;
; Average LUT depth     ; 1.46                        ;
+-----------------------+-----------------------------+


+-------------------------------+
; Elapsed Time Per Partition    ;
+----------------+--------------+
; Partition Name ; Elapsed Time ;
+----------------+--------------+
; Top            ; 00:00:00     ;
+----------------+--------------+


+-------------------------------+
; Analysis & Synthesis Messages ;
+-------------------------------+
Info: *******************************************************************
Info: Running Quartus Prime Analysis & Synthesis
    Info: Version 20.1.1 Build 720 11/11/2020 Patches 1.02i SJ Lite Edition
    Info: Processing started: Mon Nov 15 11:43:41 2021
Info: Command: quartus_map --read_settings_files=on --write_settings_files=off Prac -c Prac
Warning (18236): Number of processors has not been specified which may cause overloading on shared machines.  Set the global assignment NUM_PARALLEL_PROCESSORS in your QSF to an appropriate value for best performance.
Info (20030): Parallel compilation is enabled and will use 16 of the 16 processors detected
Info (12021): Found 2 design units, including 1 entities, in source file prac.vhd
    Info (12022): Found design unit 1: Prac-Prac1 File: G:/My Drive/Tuks/2021/EES 424/Practical/Prac.vhd Line: 44
    Info (12023): Found entity 1: Prac File: G:/My Drive/Tuks/2021/EES 424/Practical/Prac.vhd Line: 7
Info (12021): Found 2 design units, including 1 entities, in source file clock.vhd
    Info (12022): Found design unit 1: Clock-Clock_logic File: G:/My Drive/Tuks/2021/EES 424/Practical/Clock.vhd Line: 38
    Info (12023): Found entity 1: Clock File: G:/My Drive/Tuks/2021/EES 424/Practical/Clock.vhd Line: 8
Info (12021): Found 2 design units, including 1 entities, in source file bessel.vhd
    Info (12022): Found design unit 1: Bessel-math_function File: G:/My Drive/Tuks/2021/EES 424/Practical/Bessel.vhd Line: 15
    Info (12023): Found entity 1: Bessel File: G:/My Drive/Tuks/2021/EES 424/Practical/Bessel.vhd Line: 7
Info (12127): Elaborating entity "Prac" for the top level hierarchy
Warning (10492): VHDL Process Statement warning at Prac.vhd(349): signal "DIN_VLD" is read inside the Process Statement but isn't in the Process Statement's sensitivity list File: G:/My Drive/Tuks/2021/EES 424/Practical/Prac.vhd Line: 349
Warning (10492): VHDL Process Statement warning at Prac.vhd(401): signal "DIN_VLD" is read inside the Process Statement but isn't in the Process Statement's sensitivity list File: G:/My Drive/Tuks/2021/EES 424/Practical/Prac.vhd Line: 401
Warning (10492): VHDL Process Statement warning at Prac.vhd(426): signal "rx_bit_count" is read inside the Process Statement but isn't in the Process Statement's sensitivity list File: G:/My Drive/Tuks/2021/EES 424/Practical/Prac.vhd Line: 426
Warning (10492): VHDL Process Statement warning at Prac.vhd(433): signal "rx_bit_count" is read inside the Process Statement but isn't in the Process Statement's sensitivity list File: G:/My Drive/Tuks/2021/EES 424/Practical/Prac.vhd Line: 433
Warning (10492): VHDL Process Statement warning at Prac.vhd(439): signal "rx_bit_count" is read inside the Process Statement but isn't in the Process Statement's sensitivity list File: G:/My Drive/Tuks/2021/EES 424/Practical/Prac.vhd Line: 439
Warning (10492): VHDL Process Statement warning at Prac.vhd(445): signal "Rx_clk_Trigger" is read inside the Process Statement but isn't in the Process Statement's sensitivity list File: G:/My Drive/Tuks/2021/EES 424/Practical/Prac.vhd Line: 445
Warning (10492): VHDL Process Statement warning at Prac.vhd(471): signal "Rx_clk_Trigger" is read inside the Process Statement but isn't in the Process Statement's sensitivity list File: G:/My Drive/Tuks/2021/EES 424/Practical/Prac.vhd Line: 471
Warning (10492): VHDL Process Statement warning at Prac.vhd(472): signal "rx_temp" is read inside the Process Statement but isn't in the Process Statement's sensitivity list File: G:/My Drive/Tuks/2021/EES 424/Practical/Prac.vhd Line: 472
Warning (10492): VHDL Process Statement warning at Prac.vhd(473): signal "output" is read inside the Process Statement but isn't in the Process Statement's sensitivity list File: G:/My Drive/Tuks/2021/EES 424/Practical/Prac.vhd Line: 473
Warning (10631): VHDL Process Statement warning at Prac.vhd(469): inferring latch(es) for signal or variable "input", which holds its previous value in one or more paths through the process File: G:/My Drive/Tuks/2021/EES 424/Practical/Prac.vhd Line: 469
Warning (10631): VHDL Process Statement warning at Prac.vhd(469): inferring latch(es) for signal or variable "tx_data", which holds its previous value in one or more paths through the process File: G:/My Drive/Tuks/2021/EES 424/Practical/Prac.vhd Line: 469
Info (10041): Inferred latch for "tx_data[0]" at Prac.vhd(469) File: G:/My Drive/Tuks/2021/EES 424/Practical/Prac.vhd Line: 469
Info (10041): Inferred latch for "tx_data[1]" at Prac.vhd(469) File: G:/My Drive/Tuks/2021/EES 424/Practical/Prac.vhd Line: 469
Info (10041): Inferred latch for "tx_data[2]" at Prac.vhd(469) File: G:/My Drive/Tuks/2021/EES 424/Practical/Prac.vhd Line: 469
Info (10041): Inferred latch for "tx_data[3]" at Prac.vhd(469) File: G:/My Drive/Tuks/2021/EES 424/Practical/Prac.vhd Line: 469
Info (10041): Inferred latch for "tx_data[4]" at Prac.vhd(469) File: G:/My Drive/Tuks/2021/EES 424/Practical/Prac.vhd Line: 469
Info (10041): Inferred latch for "tx_data[5]" at Prac.vhd(469) File: G:/My Drive/Tuks/2021/EES 424/Practical/Prac.vhd Line: 469
Info (10041): Inferred latch for "tx_data[6]" at Prac.vhd(469) File: G:/My Drive/Tuks/2021/EES 424/Practical/Prac.vhd Line: 469
Info (10041): Inferred latch for "tx_data[7]" at Prac.vhd(469) File: G:/My Drive/Tuks/2021/EES 424/Practical/Prac.vhd Line: 469
Info (10041): Inferred latch for "input[0]" at Prac.vhd(469) File: G:/My Drive/Tuks/2021/EES 424/Practical/Prac.vhd Line: 469
Info (10041): Inferred latch for "input[1]" at Prac.vhd(469) File: G:/My Drive/Tuks/2021/EES 424/Practical/Prac.vhd Line: 469
Info (10041): Inferred latch for "input[2]" at Prac.vhd(469) File: G:/My Drive/Tuks/2021/EES 424/Practical/Prac.vhd Line: 469
Info (10041): Inferred latch for "input[3]" at Prac.vhd(469) File: G:/My Drive/Tuks/2021/EES 424/Practical/Prac.vhd Line: 469
Info (10041): Inferred latch for "input[4]" at Prac.vhd(469) File: G:/My Drive/Tuks/2021/EES 424/Practical/Prac.vhd Line: 469
Info (10041): Inferred latch for "input[5]" at Prac.vhd(469) File: G:/My Drive/Tuks/2021/EES 424/Practical/Prac.vhd Line: 469
Info (10041): Inferred latch for "input[6]" at Prac.vhd(469) File: G:/My Drive/Tuks/2021/EES 424/Practical/Prac.vhd Line: 469
Info (10041): Inferred latch for "input[7]" at Prac.vhd(469) File: G:/My Drive/Tuks/2021/EES 424/Practical/Prac.vhd Line: 469
Info (12128): Elaborating entity "Clock" for hierarchy "Clock:main_clock" File: G:/My Drive/Tuks/2021/EES 424/Practical/Prac.vhd Line: 94
Info (12128): Elaborating entity "Clock" for hierarchy "Clock:rx_clock" File: G:/My Drive/Tuks/2021/EES 424/Practical/Prac.vhd Line: 119
Info (12128): Elaborating entity "Clock" for hierarchy "Clock:tx_clock" File: G:/My Drive/Tuks/2021/EES 424/Practical/Prac.vhd Line: 143
Info (12128): Elaborating entity "Bessel" for hierarchy "Bessel:Math_Program" File: G:/My Drive/Tuks/2021/EES 424/Practical/Prac.vhd Line: 459
Warning (10492): VHDL Process Statement warning at Bessel.vhd(23): signal "Math_input" is read inside the Process Statement but isn't in the Process Statement's sensitivity list File: G:/My Drive/Tuks/2021/EES 424/Practical/Bessel.vhd Line: 23
Warning (10492): VHDL Process Statement warning at Bessel.vhd(25): signal "math_out" is read inside the Process Statement but isn't in the Process Statement's sensitivity list File: G:/My Drive/Tuks/2021/EES 424/Practical/Bessel.vhd Line: 25
Info (286030): Timing-Driven Synthesis is running
Info (16010): Generating hard_block partition "hard_block:auto_generated_inst"
    Info (16011): Adding 0 node(s), including 0 DDIO, 0 PLL, 0 transceiver and 0 LCELL
Info (21057): Implemented 85 device resources after synthesis - the final resource count might be different
    Info (21058): Implemented 3 input pins
    Info (21059): Implemented 14 output pins
    Info (21061): Implemented 68 logic cells
Info: Quartus Prime Analysis & Synthesis was successful. 0 errors, 14 warnings
    Info: Peak virtual memory: 4917 megabytes
    Info: Processing ended: Mon Nov 15 11:43:51 2021
    Info: Elapsed time: 00:00:10
    Info: Total CPU time (on all processors): 00:00:20


